<?xml version="1.0" encoding="UTF-8"?>
<!-- Generated by org.testng.reporters.JUnitXMLReporter -->
<testsuite hostname="DESKTOP-H21MM63" name="Default test" tests="5" failures="0" timestamp="6 Aug 2021 01:14:50 GMT" time="0.164" errors="0">
  <testcase name="TC1" time="0.045" classname="GuruSchools.GuruSchools_Maven.TestNGDemo2"/>
  <testcase name="vegitable" time="0.007" classname="GuruSchools.GuruSchools_Maven.TestNGDemo2"/>
  <testcase name="TC2" time="0.006" classname="GuruSchools.GuruSchools_Maven.TestNGDemo2"/>
  <testcase name="TC3" time="0.002" classname="GuruSchools.GuruSchools_Maven.TestNGDemo2"/>
  <testcase name="Animal" time="0.003" classname="GuruSchools.GuruSchools_Maven.TestNGDemo2"/>
</testsuite> <!-- Default test -->
