<?xml version="1.0" encoding="UTF-8"?>
<!-- Generated by org.testng.reporters.JUnitXMLReporter -->
<testsuite hostname="DESKTOP-H21MM63" name="Test" tests="3" failures="0" timestamp="30 Jul 2021 01:50:17 GMT" time="0.121" errors="0">
  <testcase name="TC1" time="0.06" classname="GuruSchools.GuruSchools_Maven.TestNGDemo2"/>
  <testcase name="vegitable" time="0.004" classname="GuruSchools.GuruSchools_Maven.TestNGDemo2"/>
  <testcase name="Animal" time="0.002" classname="GuruSchools.GuruSchools_Maven.TestNGDemo2"/>
</testsuite> <!-- Test -->
