<?xml version="1.0" encoding="UTF-8"?>
<!-- Generated by org.testng.reporters.JUnitXMLReporter -->
<testsuite hostname="DESKTOP-H21MM63" name="Test" tests="6" failures="0" timestamp="6 Aug 2021 01:11:19 GMT" time="18.867" errors="0">
  <testcase name="TC1" time="0.01" classname="GuruSchools.GuruSchools_Maven.TestNGDemo2"/>
  <testcase name="vegitable" time="0.008" classname="GuruSchools.GuruSchools_Maven.TestNGDemo2"/>
  <testcase name="google" time="3.222" classname="GuruSchools.GuruSchools_Maven.TestNGDemo1"/>
  <testcase name="zmavenRepository" time="6.708" classname="GuruSchools.GuruSchools_Maven.TestNGDemo1"/>
  <testcase name="TC2" time="0.001" classname="GuruSchools.GuruSchools_Maven.TestNGDemo2"/>
  <testcase name="Animal" time="0.001" classname="GuruSchools.GuruSchools_Maven.TestNGDemo2"/>
</testsuite> <!-- Test -->
