<?xml version="1.0" encoding="UTF-8"?>
<!-- Generated by org.testng.reporters.JUnitXMLReporter -->
<testsuite hostname="DESKTOP-H21MM63" name="Test" tests="7" failures="0" timestamp="6 Aug 2021 02:04:04 GMT" time="19.805" errors="0">
  <testcase name="TC1" time="0.001" classname="GuruSchools.GuruSchools_Maven.TestNGDemo2"/>
  <testcase name="vegitable" time="0.0" classname="GuruSchools.GuruSchools_Maven.TestNGDemo2"/>
  <testcase name="google" time="10.948" classname="GuruSchools.GuruSchools_Maven.TestNGDemo1"/>
  <testcase name="zmavenRepository" time="4.884" classname="GuruSchools.GuruSchools_Maven.TestNGDemo1"/>
  <testcase name="TC2" time="0.001" classname="GuruSchools.GuruSchools_Maven.TestNGDemo2"/>
  <testcase name="TC3" time="0.001" classname="GuruSchools.GuruSchools_Maven.TestNGDemo2"/>
  <testcase name="Animal" time="0.0" classname="GuruSchools.GuruSchools_Maven.TestNGDemo2"/>
</testsuite> <!-- Test -->
